[0mGET / [32m200 [0m72.237 ms - -[0m
[0mGET /css/style.css [36m304 [0m11.745 ms - -[0m
[0mGET /css/app.css [36m304 [0m1.787 ms - -[0m
[0mGET /components/bootstrap/dist/css/bootstrap.min.css [36m304 [0m67.757 ms - -[0m
[0mGET /components/jquery/dist/jquery.min.js [36m304 [0m3.512 ms - -[0m
[0mGET /components/bootstrap/dist/js/bootstrap.min.js [36m304 [0m3.011 ms - -[0m
[0mGET /img/ta.jpg [36m304 [0m0.544 ms - -[0m
[0mGET /favicon.ico [33m404 [0m35.125 ms - -[0m
[0mGET /user/login [36m304 [0m11.391 ms - -[0m
[0mGET /components/bootstrap/dist/css/bootstrap.min.css [36m304 [0m2.136 ms - -[0m
[0mGET /css/style.css [36m304 [0m2.035 ms - -[0m
[0mGET /css/app.css [36m304 [0m2.262 ms - -[0m
[0mGET /components/jquery/dist/jquery.min.js [36m304 [0m2.870 ms - -[0m
[0mGET /components/bootstrap/dist/js/bootstrap.min.js [36m304 [0m3.086 ms - -[0m
[0mGET /user/login [36m304 [0m1.422 ms - -[0m
[0mGET /components/bootstrap/dist/css/bootstrap.min.css [36m304 [0m11.081 ms - -[0m
[0mGET /css/style.css [36m304 [0m8.713 ms - -[0m
[0mGET /css/app.css [36m304 [0m8.431 ms - -[0m
[0mGET /components/jquery/dist/jquery.min.js [36m304 [0m8.483 ms - -[0m
[0mGET /components/bootstrap/dist/js/bootstrap.min.js [36m304 [0m9.044 ms - -[0m
[0mGET / [36m304 [0m3.065 ms - -[0m
[0mGET /components/bootstrap/dist/css/bootstrap.min.css [36m304 [0m2.723 ms - -[0m
[0mGET /css/style.css [36m304 [0m2.433 ms - -[0m
[0mGET /css/app.css [36m304 [0m2.124 ms - -[0m
[0mGET /components/jquery/dist/jquery.min.js [36m304 [0m2.389 ms - -[0m
[0mGET /components/bootstrap/dist/js/bootstrap.min.js [36m304 [0m2.795 ms - -[0m
[0mGET /img/ta.jpg [36m304 [0m0.658 ms - -[0m
[0mGET / [36m304 [0m1.568 ms - -[0m
[0mGET /components/bootstrap/dist/css/bootstrap.min.css [36m304 [0m1.101 ms - -[0m
[0mGET /css/style.css [36m304 [0m1.482 ms - -[0m
[0mGET /css/app.css [36m304 [0m0.570 ms - -[0m
[0mGET /components/jquery/dist/jquery.min.js [36m304 [0m0.338 ms - -[0m
[0mGET /components/bootstrap/dist/js/bootstrap.min.js [36m304 [0m0.544 ms - -[0m
[0mGET /img/ta.jpg [36m304 [0m0.482 ms - -[0m
[0mGET / [36m304 [0m1.420 ms - -[0m
[0mGET /components/bootstrap/dist/css/bootstrap.min.css [36m304 [0m4.315 ms - -[0m
[0mGET /css/style.css [36m304 [0m3.345 ms - -[0m
[0mGET /css/app.css [36m304 [0m3.335 ms - -[0m
[0mGET /components/jquery/dist/jquery.min.js [36m304 [0m6.414 ms - -[0m
[0mGET /components/bootstrap/dist/js/bootstrap.min.js [36m304 [0m4.774 ms - -[0m
[0mGET /img/ta.jpg [36m304 [0m1.030 ms - -[0m
[0mGET / [36m304 [0m2.192 ms - -[0m
[0mGET /components/bootstrap/dist/css/bootstrap.min.css [36m304 [0m0.653 ms - -[0m
[0mGET /css/style.css [36m304 [0m0.379 ms - -[0m
[0mGET /css/app.css [36m304 [0m0.382 ms - -[0m
[0mGET /components/jquery/dist/jquery.min.js [36m304 [0m0.454 ms - -[0m
[0mGET /components/bootstrap/dist/js/bootstrap.min.js [36m304 [0m0.391 ms - -[0m
[0mGET /img/ta.jpg [36m304 [0m0.421 ms - -[0m
[0mGET / [36m304 [0m1.610 ms - -[0m
[0mGET /components/bootstrap/dist/css/bootstrap.min.css [36m304 [0m0.845 ms - -[0m
[0mGET /css/style.css [36m304 [0m0.780 ms - -[0m
[0mGET /css/app.css [36m304 [0m1.486 ms - -[0m
[0mGET /components/jquery/dist/jquery.min.js [36m304 [0m1.035 ms - -[0m
[0mGET /components/bootstrap/dist/js/bootstrap.min.js [36m304 [0m1.704 ms - -[0m
[0mGET /img/ta.jpg [36m304 [0m0.465 ms - -[0m
[0mGET / [36m304 [0m1.770 ms - -[0m
[0mGET /components/bootstrap/dist/css/bootstrap.min.css [36m304 [0m2.122 ms - -[0m
[0mGET /css/style.css [36m304 [0m1.644 ms - -[0m
[0mGET /css/app.css [36m304 [0m2.105 ms - -[0m
[0mGET /components/jquery/dist/jquery.min.js [36m304 [0m1.733 ms - -[0m
[0mGET /components/bootstrap/dist/js/bootstrap.min.js [36m304 [0m1.592 ms - -[0m
[0mGET /img/ta.jpg [36m304 [0m0.484 ms - -[0m
[0mGET / [36m304 [0m2.187 ms - -[0m
[0mGET /components/bootstrap/dist/css/bootstrap.min.css [36m304 [0m2.537 ms - -[0m
[0mGET /css/style.css [36m304 [0m2.570 ms - -[0m
[0mGET /css/app.css [36m304 [0m1.992 ms - -[0m
[0mGET /components/jquery/dist/jquery.min.js [36m304 [0m1.594 ms - -[0m
[0mGET /components/bootstrap/dist/js/bootstrap.min.js [36m304 [0m1.452 ms - -[0m
[0mGET /img/ta.jpg [36m304 [0m0.450 ms - -[0m
[0mGET / [36m304 [0m2.089 ms - -[0m
[0mGET /components/bootstrap/dist/css/bootstrap.min.css [36m304 [0m1.783 ms - -[0m
[0mGET /css/style.css [36m304 [0m1.861 ms - -[0m
[0mGET /css/app.css [36m304 [0m1.979 ms - -[0m
[0mGET /components/jquery/dist/jquery.min.js [36m304 [0m2.630 ms - -[0m
[0mGET /components/bootstrap/dist/js/bootstrap.min.js [36m304 [0m3.495 ms - -[0m
[0mGET /img/ta.jpg [36m304 [0m0.757 ms - -[0m
[0mGET / [36m304 [0m1.560 ms - -[0m
[0mGET /components/bootstrap/dist/css/bootstrap.min.css [36m304 [0m2.786 ms - -[0m
[0mGET /css/style.css [36m304 [0m3.027 ms - -[0m
[0mGET /css/app.css [36m304 [0m2.454 ms - -[0m
[0mGET /components/jquery/dist/jquery.min.js [36m304 [0m0.916 ms - -[0m
[0mGET /components/bootstrap/dist/js/bootstrap.min.js [36m304 [0m0.762 ms - -[0m
[0mGET /img/ta.jpg [36m304 [0m0.712 ms - -[0m
[0mGET / [32m200 [0m24.117 ms - -[0m
[0mGET /components/bootstrap/dist/css/bootstrap.min.css [36m304 [0m5.024 ms - -[0m
[0mGET /css/style.css [36m304 [0m1.938 ms - -[0m
[0mGET /css/app.css [36m304 [0m1.769 ms - -[0m
[0mGET /components/jquery/dist/jquery.min.js [36m304 [0m1.097 ms - -[0m
[0mGET /components/bootstrap/dist/js/bootstrap.min.js [36m304 [0m0.945 ms - -[0m
[0mGET /img/ta.jpg [36m304 [0m1.579 ms - -[0m
[0mGET /user/login [36m304 [0m3.254 ms - -[0m
[0mGET /components/bootstrap/dist/css/bootstrap.min.css [36m304 [0m3.528 ms - -[0m
[0mGET /css/style.css [36m304 [0m3.138 ms - -[0m
[0mGET /css/app.css [36m304 [0m2.833 ms - -[0m
[0mGET /components/jquery/dist/jquery.min.js [36m304 [0m2.720 ms - -[0m
[0mGET /components/bootstrap/dist/js/bootstrap.min.js [36m304 [0m2.793 ms - -[0m
[0mGET / [36m304 [0m7.156 ms - -[0m
[0mGET /components/bootstrap/dist/css/bootstrap.min.css [36m304 [0m1.374 ms - -[0m
[0mGET /css/style.css [36m304 [0m2.417 ms - -[0m
[0mGET /css/app.css [36m304 [0m2.398 ms - -[0m
[0mGET /components/jquery/dist/jquery.min.js [36m304 [0m4.768 ms - -[0m
[0mGET /components/bootstrap/dist/js/bootstrap.min.js [36m304 [0m4.322 ms - -[0m
[0mGET /img/ta.jpg [36m304 [0m1.067 ms - -[0m
